# JRE version: OpenJDK Runtime Environment (8.0_152-b01) (build 1.8.0_152-release-1343-b01)
# Java VM: OpenJDK 64-Bit Server VM (25.152-b01 mixed mode windows-amd64 compressed oops)
Heap:
 PSYoungGen      total 428544K, used 141663K [0x00000000e0000000, 0x0000000100000000, 0x0000000100000000)
  eden space 332800K, 27% used [0x00000000e0000000,0x00000000e5ac1c18,0x00000000f4500000)
  from space 95744K, 50% used [0x00000000f4500000,0x00000000f74962f0,0x00000000fa280000)
  to   space 92672K, 0% used [0x00000000fa580000,0x00000000fa580000,0x0000000100000000)
 ParOldGen       total 235008K, used 42895K [0x00000000a0000000, 0x00000000ae580000, 0x00000000e0000000)
  object space 235008K, 18% used [0x00000000a0000000,0x00000000a29e3c88,0x00000000ae580000)
 Metaspace       used 111469K, capacity 115055K, committed 115248K, reserved 1150976K
  class space    used 12845K, capacity 13856K, committed 13872K, reserved 1048576K
GC Heap History (10 events):
Event: 8195.831 GC heap before
{Heap before GC invocations=40 (full 7):
 PSYoungGen      total 424960K, used 16670K [0x00000000e0000000, 0x00000000ffc00000, 0x0000000100000000)
  eden space 333312K, 0% used [0x00000000e0000000,0x00000000e0000000,0x00000000f4580000)
  from space 91648K, 18% used [0x00000000f4580000,0x00000000f55c7b40,0x00000000f9f00000)
  to   space 90112K, 0% used [0x00000000fa400000,0x00000000fa400000,0x00000000ffc00000)
 ParOldGen       total 235008K, used 111610K [0x00000000a0000000, 0x00000000ae580000, 0x00000000e0000000)
  object space 235008K, 47% used [0x00000000a0000000,0x00000000a6cfe898,0x00000000ae580000)
 Metaspace       used 104650K, capacity 107821K, committed 107952K, reserved 1144832K
  class space    used 12028K, capacity 12867K, committed 12976K, reserved 1048576K
Event: 8196.580 GC heap after
Heap after GC invocations=40 (full 7):
 PSYoungGen      total 424960K, used 0K [0x00000000e0000000, 0x00000000ffc00000, 0x0000000100000000)
  eden space 333312K, 0% used [0x00000000e0000000,0x00000000e0000000,0x00000000f4580000)
  from space 91648K, 0% used [0x00000000f4580000,0x00000000f4580000,0x00000000f9f00000)
  to   space 90112K, 0% used [0x00000000fa400000,0x00000000fa400000,0x00000000ffc00000)
 ParOldGen       total 235008K, used 42863K [0x00000000a0000000, 0x00000000ae580000, 0x00000000e0000000)
  object space 235008K, 18% used [0x00000000a0000000,0x00000000a29dbc88,0x00000000ae580000)
 Metaspace       used 97623K, capacity 100591K, committed 105904K, reserved 1142784K
  class space    used 11151K, capacity 11936K, committed 12976K, reserved 1048576K
}
Event: 9386.355 GC heap before
{Heap before GC invocations=41 (full 7):
 PSYoungGen      total 424960K, used 333312K [0x00000000e0000000, 0x00000000ffc00000, 0x0000000100000000)
  eden space 333312K, 100% used [0x00000000e0000000,0x00000000f4580000,0x00000000f4580000)
  from space 91648K, 0% used [0x00000000f4580000,0x00000000f4580000,0x00000000f9f00000)
  to   space 90112K, 0% used [0x00000000fa400000,0x00000000fa400000,0x00000000ffc00000)
 ParOldGen       total 235008K, used 42863K [0x00000000a0000000, 0x00000000ae580000, 0x00000000e0000000)
  object space 235008K, 18% used [0x00000000a0000000,0x00000000a29dbc88,0x00000000ae580000)
 Metaspace       used 99770K, capacity 102939K, committed 105904K, reserved 1142784K
  class space    used 11408K, capacity 12248K, committed 12976K, reserved 1048576K
Event: 9386.550 GC heap after
Heap after GC invocations=41 (full 7):
 PSYoungGen      total 430080K, used 50657K [0x00000000e0000000, 0x00000000ffe00000, 0x0000000100000000)
  eden space 339968K, 0% used [0x00000000e0000000,0x00000000e0000000,0x00000000f4c00000)
  from space 90112K, 56% used [0x00000000fa400000,0x00000000fd578750,0x00000000ffc00000)
  to   space 90112K, 0% used [0x00000000f4c00000,0x00000000f4c00000,0x00000000fa400000)
 ParOldGen       total 235008K, used 42871K [0x00000000a0000000, 0x00000000ae580000, 0x00000000e0000000)
  object space 235008K, 18% used [0x00000000a0000000,0x00000000a29ddc88,0x00000000ae580000)
 Metaspace       used 99770K, capacity 102939K, committed 105904K, reserved 1142784K
  class space    used 11408K, capacity 12248K, committed 12976K, reserved 1048576K
}
Event: 9911.165 GC heap before
{Heap before GC invocations=42 (full 7):
 PSYoungGen      total 430080K, used 390625K [0x00000000e0000000, 0x00000000ffe00000, 0x0000000100000000)
  eden space 339968K, 100% used [0x00000000e0000000,0x00000000f4c00000,0x00000000f4c00000)
  from space 90112K, 56% used [0x00000000fa400000,0x00000000fd578750,0x00000000ffc00000)
  to   space 90112K, 0% used [0x00000000f4c00000,0x00000000f4c00000,0x00000000fa400000)
 ParOldGen       total 235008K, used 42871K [0x00000000a0000000, 0x00000000ae580000, 0x00000000e0000000)
  object space 235008K, 18% used [0x00000000a0000000,0x00000000a29ddc88,0x00000000ae580000)
 Metaspace       used 102671K, capacity 106003K, committed 106416K, reserved 1142784K
  class space    used 11768K, capacity 12696K, committed 12976K, reserved 1048576K
Event: 9911.253 GC heap after
Heap after GC invocations=42 (full 7):
 PSYoungGen      total 430080K, used 49808K [0x00000000e0000000, 0x00000000ffe00000, 0x0000000100000000)
  eden space 339968K, 0% used [0x00000000e0000000,0x00000000e0000000,0x00000000f4c00000)
  from space 90112K, 55% used [0x00000000f4c00000,0x00000000f7ca4238,0x00000000fa400000)
  to   space 89088K, 0% used [0x00000000fa700000,0x00000000fa700000,0x00000000ffe00000)
 ParOldGen       total 235008K, used 42879K [0x00000000a0000000, 0x00000000ae580000, 0x00000000e0000000)
  object space 235008K, 18% used [0x00000000a0000000,0x00000000a29dfc88,0x00000000ae580000)
 Metaspace       used 102671K, capacity 106003K, committed 106416K, reserved 1142784K
  class space    used 11768K, capacity 12696K, committed 12976K, reserved 1048576K
}
Event: 9916.153 GC heap before
{Heap before GC invocations=43 (full 7):
 PSYoungGen      total 430080K, used 389776K [0x00000000e0000000, 0x00000000ffe00000, 0x0000000100000000)
  eden space 339968K, 100% used [0x00000000e0000000,0x00000000f4c00000,0x00000000f4c00000)
  from space 90112K, 55% used [0x00000000f4c00000,0x00000000f7ca4238,0x00000000fa400000)
  to   space 89088K, 0% used [0x00000000fa700000,0x00000000fa700000,0x00000000ffe00000)
 ParOldGen       total 235008K, used 42879K [0x00000000a0000000, 0x00000000ae580000, 0x00000000e0000000)
  object space 235008K, 18% used [0x00000000a0000000,0x00000000a29dfc88,0x00000000ae580000)
 Metaspace       used 108489K, capacity 111851K, committed 112048K, reserved 1148928K
  class space    used 12482K, capacity 13408K, committed 13488K, reserved 1048576K
Event: 9916.239 GC heap after
Heap after GC invocations=43 (full 7):
 PSYoungGen      total 421888K, used 70590K [0x00000000e0000000, 0x0000000100000000, 0x0000000100000000)
  eden space 332800K, 0% used [0x00000000e0000000,0x00000000e0000000,0x00000000f4500000)
  from space 89088K, 79% used [0x00000000fa700000,0x00000000febefa08,0x00000000ffe00000)
  to   space 95744K, 0% used [0x00000000f4500000,0x00000000f4500000,0x00000000fa280000)
 ParOldGen       total 235008K, used 42887K [0x00000000a0000000, 0x00000000ae580000, 0x00000000e0000000)
  object space 235008K, 18% used [0x00000000a0000000,0x00000000a29e1c88,0x00000000ae580000)
 Metaspace       used 108489K, capacity 111851K, committed 112048K, reserved 1148928K
  class space    used 12482K, capacity 13408K, committed 13488K, reserved 1048576K
}
Event: 10110.867 GC heap before
{Heap before GC invocations=44 (full 7):
 PSYoungGen      total 421888K, used 403390K [0x00000000e0000000, 0x0000000100000000, 0x0000000100000000)
  eden space 332800K, 100% used [0x00000000e0000000,0x00000000f4500000,0x00000000f4500000)
  from space 89088K, 79% used [0x00000000fa700000,0x00000000febefa08,0x00000000ffe00000)
  to   space 95744K, 0% used [0x00000000f4500000,0x00000000f4500000,0x00000000fa280000)
 ParOldGen       total 235008K, used 42887K [0x00000000a0000000, 0x00000000ae580000, 0x00000000e0000000)
  object space 235008K, 18% used [0x00000000a0000000,0x00000000a29e1c88,0x00000000ae580000)
 Metaspace       used 110685K, capacity 114231K, committed 114480K, reserved 1150976K
  class space    used 12749K, capacity 13752K, committed 13872K, reserved 1048576K
Event: 10110.893 GC heap after
Heap after GC invocations=44 (full 7):
 PSYoungGen      total 428544K, used 48728K [0x00000000e0000000, 0x0000000100000000, 0x0000000100000000)
  eden space 332800K, 0% used [0x00000000e0000000,0x00000000e0000000,0x00000000f4500000)
  from space 95744K, 50% used [0x00000000f4500000,0x00000000f74962f0,0x00000000fa280000)
  to   space 92672K, 0% used [0x00000000fa580000,0x00000000fa580000,0x0000000100000000)
 ParOldGen       total 235008K, used 42895K [0x00000000a0000000, 0x00000000ae580000, 0x00000000e0000000)
  object space 235008K, 18% used [0x00000000a0000000,0x00000000a29e3c88,0x00000000ae580000)
 Metaspace       used 110685K, capacity 114231K, committed 114480K, reserved 1150976K
  class space    used 12749K, capacity 13752K, committed 13872K, reserved 1048576K
}

